Args in experiment:
Namespace(random_seed=2024, is_training=1, model_id='Traffic', model='DACNet_In', run_type='single', data='custom', root_path='/home/yl/datasets/', data_path='Traffic.csv', features='M', target='OT', freq='h', checkpoints='./checkpoints/', seq_len=96, label_len=48, pred_len=96, use_norm=2, D_cp=16, D_de=16, D_mix=8, beta=0.1, sim_mode='l1', mix=1, backbone='mlp', cycle=168, use_drift=0, embed_type=0, enc_in=862, dec_in=7, c_out=7, d_model=1024, n_heads=8, e_layers=2, d_layers=1, d_ff=2048, moving_avg=25, factor=0, distil=True, dropout=0.05, embed='timeF', activation='gelu', output_attention=True, do_predict=False, num_workers=10, itr=1, train_epochs=30, batch_size=32, patience=3, learning_rate=0.01, des='test', loss='mae', lradj='type4', pct_start=0.3, use_amp=False, use_gpu=True, gpu=0, use_multi_gpu=False, devices='0,1,2,3', test_flop=False)
Use GPU: cuda:0
train 12089
2.163259267807007
map_raw GPU: 6.94482421875 MB
torch.Size([862, 264, 8])
number of model params 226260
>>>>>>>start training : DACNet_In_Traffic_mlp_mae_d=1024_lr=0.01_lradj=type4_sl=96_pl=96_norm=2_mix=1_Dcp=16_Dde=16_Dmix=8_sim=l1_cycle=168_seed=2024_drift=0>>>>>>>>>>>>>>>>>>>>>>>>>>
train 12089
val 1661
test 3413
Epoch: 1 cost time: 11.189703226089478
Epoch: 1, Steps: 377 | Train Loss: 0.3626149 Vali Loss: 0.3306689 Test Loss: 0.3601034
Validation loss decreased (inf --> 0.330669).  Saving model ...
Updating learning rate to 0.01
Epoch: 2 cost time: 10.90212869644165
Epoch: 2, Steps: 377 | Train Loss: 0.2973701 Vali Loss: 0.2861063 Test Loss: 0.3096489
Validation loss decreased (0.330669 --> 0.286106).  Saving model ...
Updating learning rate to 0.008
Epoch: 3 cost time: 10.984918355941772
Epoch: 3, Steps: 377 | Train Loss: 0.2474120 Vali Loss: 0.2618200 Test Loss: 0.2856980
Validation loss decreased (0.286106 --> 0.261820).  Saving model ...
Updating learning rate to 0.006400000000000001
Epoch: 4 cost time: 10.857990264892578
Epoch: 4, Steps: 377 | Train Loss: 0.2361415 Vali Loss: 0.2553073 Test Loss: 0.2783909
Validation loss decreased (0.261820 --> 0.255307).  Saving model ...
Updating learning rate to 0.005120000000000001
Epoch: 5 cost time: 11.24230670928955
Epoch: 5, Steps: 377 | Train Loss: 0.2298875 Vali Loss: 0.2490926 Test Loss: 0.2729051
Validation loss decreased (0.255307 --> 0.249093).  Saving model ...
Updating learning rate to 0.004096000000000001
Epoch: 6 cost time: 10.978453397750854
Epoch: 6, Steps: 377 | Train Loss: 0.2253899 Vali Loss: 0.2442649 Test Loss: 0.2682889
Validation loss decreased (0.249093 --> 0.244265).  Saving model ...
Updating learning rate to 0.0032768000000000007
Epoch: 7 cost time: 10.910967826843262
Epoch: 7, Steps: 377 | Train Loss: 0.2214602 Vali Loss: 0.2413321 Test Loss: 0.2655018
Validation loss decreased (0.244265 --> 0.241332).  Saving model ...
Updating learning rate to 0.002621440000000001
Epoch: 8 cost time: 10.920854091644287
Epoch: 8, Steps: 377 | Train Loss: 0.2186892 Vali Loss: 0.2390561 Test Loss: 0.2633384
Validation loss decreased (0.241332 --> 0.239056).  Saving model ...
Updating learning rate to 0.002097152000000001
Epoch: 9 cost time: 10.854782342910767
Epoch: 9, Steps: 377 | Train Loss: 0.2167270 Vali Loss: 0.2365450 Test Loss: 0.2607882
Validation loss decreased (0.239056 --> 0.236545).  Saving model ...
Updating learning rate to 0.001677721600000001
Epoch: 10 cost time: 11.475917339324951
Epoch: 10, Steps: 377 | Train Loss: 0.2148764 Vali Loss: 0.2361371 Test Loss: 0.2605675
Validation loss decreased (0.236545 --> 0.236137).  Saving model ...
Updating learning rate to 0.0013421772800000006
Epoch: 11 cost time: 10.865559339523315
Epoch: 11, Steps: 377 | Train Loss: 0.2137368 Vali Loss: 0.2337997 Test Loss: 0.2581319
Validation loss decreased (0.236137 --> 0.233800).  Saving model ...
Updating learning rate to 0.0010737418240000006
Epoch: 12 cost time: 10.949694156646729
Epoch: 12, Steps: 377 | Train Loss: 0.2125556 Vali Loss: 0.2331246 Test Loss: 0.2573011
Validation loss decreased (0.233800 --> 0.233125).  Saving model ...
Updating learning rate to 0.0008589934592000006
Epoch: 13 cost time: 10.51949143409729
Epoch: 13, Steps: 377 | Train Loss: 0.2116944 Vali Loss: 0.2320568 Test Loss: 0.2564802
Validation loss decreased (0.233125 --> 0.232057).  Saving model ...
Updating learning rate to 0.0006871947673600004
Epoch: 14 cost time: 10.939270973205566
Epoch: 14, Steps: 377 | Train Loss: 0.2108931 Vali Loss: 0.2311870 Test Loss: 0.2554614
Validation loss decreased (0.232057 --> 0.231187).  Saving model ...
Updating learning rate to 0.0005497558138880004
Epoch: 15 cost time: 11.40329384803772
Epoch: 15, Steps: 377 | Train Loss: 0.2102803 Vali Loss: 0.2310065 Test Loss: 0.2552858
Validation loss decreased (0.231187 --> 0.231006).  Saving model ...
Updating learning rate to 0.00043980465111040037
Epoch: 16 cost time: 10.807848453521729
Epoch: 16, Steps: 377 | Train Loss: 0.2098126 Vali Loss: 0.2305914 Test Loss: 0.2547958
Validation loss decreased (0.231006 --> 0.230591).  Saving model ...
Updating learning rate to 0.0003518437208883203
Epoch: 17 cost time: 10.920867919921875
Epoch: 17, Steps: 377 | Train Loss: 0.2093374 Vali Loss: 0.2299755 Test Loss: 0.2541661
Validation loss decreased (0.230591 --> 0.229975).  Saving model ...
Updating learning rate to 0.00028147497671065624
Epoch: 18 cost time: 11.23941159248352
Epoch: 18, Steps: 377 | Train Loss: 0.2090073 Vali Loss: 0.2297497 Test Loss: 0.2538934
Validation loss decreased (0.229975 --> 0.229750).  Saving model ...
Updating learning rate to 0.00022517998136852504
Epoch: 19 cost time: 10.946453094482422
Epoch: 19, Steps: 377 | Train Loss: 0.2087235 Vali Loss: 0.2293800 Test Loss: 0.2537619
Validation loss decreased (0.229750 --> 0.229380).  Saving model ...
Updating learning rate to 0.00018014398509482002
Epoch: 20 cost time: 11.316428661346436
Epoch: 20, Steps: 377 | Train Loss: 0.2084640 Vali Loss: 0.2291908 Test Loss: 0.2533851
Validation loss decreased (0.229380 --> 0.229191).  Saving model ...
Updating learning rate to 0.00014411518807585602
Epoch: 21 cost time: 11.51378607749939
Epoch: 21, Steps: 377 | Train Loss: 0.2082610 Vali Loss: 0.2293561 Test Loss: 0.2535204
EarlyStopping counter: 1 out of 3
Updating learning rate to 0.00011529215046068484
Epoch: 22 cost time: 11.314742088317871
Epoch: 22, Steps: 377 | Train Loss: 0.2081944 Vali Loss: 0.2289065 Test Loss: 0.2532077
Validation loss decreased (0.229191 --> 0.228907).  Saving model ...
Updating learning rate to 9.223372036854788e-05
Epoch: 23 cost time: 11.11638355255127
Epoch: 23, Steps: 377 | Train Loss: 0.2080261 Vali Loss: 0.2288354 Test Loss: 0.2531385
Validation loss decreased (0.228907 --> 0.228835).  Saving model ...
Updating learning rate to 7.37869762948383e-05
Epoch: 24 cost time: 11.155109643936157
Epoch: 24, Steps: 377 | Train Loss: 0.2079787 Vali Loss: 0.2289104 Test Loss: 0.2531031
EarlyStopping counter: 1 out of 3
Updating learning rate to 5.902958103587064e-05
Epoch: 25 cost time: 11.217972755432129
Epoch: 25, Steps: 377 | Train Loss: 0.2078666 Vali Loss: 0.2289003 Test Loss: 0.2530277
EarlyStopping counter: 2 out of 3
Updating learning rate to 4.722366482869652e-05
Epoch: 26 cost time: 10.987208843231201
Epoch: 26, Steps: 377 | Train Loss: 0.2077757 Vali Loss: 0.2288109 Test Loss: 0.2529618
Validation loss decreased (0.228835 --> 0.228811).  Saving model ...
Updating learning rate to 3.777893186295722e-05
Epoch: 27 cost time: 11.024774074554443
Epoch: 27, Steps: 377 | Train Loss: 0.2077373 Vali Loss: 0.2287287 Test Loss: 0.2528828
Validation loss decreased (0.228811 --> 0.228729).  Saving model ...
Updating learning rate to 3.0223145490365776e-05
Epoch: 28 cost time: 11.469103813171387
Epoch: 28, Steps: 377 | Train Loss: 0.2076849 Vali Loss: 0.2289118 Test Loss: 0.2528861
EarlyStopping counter: 1 out of 3
Updating learning rate to 2.417851639229262e-05
Epoch: 29 cost time: 11.032028913497925
Epoch: 29, Steps: 377 | Train Loss: 0.2077050 Vali Loss: 0.2288492 Test Loss: 0.2528745
EarlyStopping counter: 2 out of 3
Updating learning rate to 1.9342813113834096e-05
Epoch: 30 cost time: 10.83687162399292
Epoch: 30, Steps: 377 | Train Loss: 0.2076583 Vali Loss: 0.2286266 Test Loss: 0.2527904
Validation loss decreased (0.228729 --> 0.228627).  Saving model ...
Updating learning rate to 1.547425049106728e-05
>>>>>>>testing : DACNet_In_Traffic_mlp_mae_d=1024_lr=0.01_lradj=type4_sl=96_pl=96_norm=2_mix=1_Dcp=16_Dde=16_Dmix=8_sim=l1_cycle=168_seed=2024_drift=0<<<<<<<<<<<<<<<<<<<<<<<<<<<<<<<<<
test 3413
mse:0.41610899567604065, mae:0.25296199321746826
Args in experiment:
Namespace(random_seed=2024, is_training=1, model_id='Traffic', model='DACNet_In', run_type='single', data='custom', root_path='/home/yl/datasets/', data_path='Traffic.csv', features='M', target='OT', freq='h', checkpoints='./checkpoints/', seq_len=96, label_len=48, pred_len=96, use_norm=2, D_cp=16, D_de=16, D_mix=8, beta=0.1, sim_mode='l1', mix=1, backbone='mlp', cycle=168, use_drift=0, embed_type=0, enc_in=862, dec_in=7, c_out=7, d_model=1024, n_heads=8, e_layers=2, d_layers=1, d_ff=2048, moving_avg=25, factor=0, distil=True, dropout=0.05, embed='timeF', activation='gelu', output_attention=True, do_predict=False, num_workers=10, itr=1, train_epochs=30, batch_size=32, patience=3, learning_rate=0.01, des='test', loss='mse', lradj='type4', pct_start=0.3, use_amp=False, use_gpu=True, gpu=0, use_multi_gpu=False, devices='0,1,2,3', test_flop=False)
Use GPU: cuda:0
train 12089
2.1599860191345215
map_raw GPU: 6.94482421875 MB
torch.Size([862, 264, 8])
number of model params 226260
>>>>>>>start training : DACNet_In_Traffic_mlp_mse_d=1024_lr=0.01_lradj=type4_sl=96_pl=96_norm=2_mix=1_Dcp=16_Dde=16_Dmix=8_sim=l1_cycle=168_seed=2024_drift=0>>>>>>>>>>>>>>>>>>>>>>>>>>
train 12089
val 1661
test 3413
Epoch: 1 cost time: 11.529705286026001
Epoch: 1, Steps: 377 | Train Loss: 0.4279881 Vali Loss: 0.4846551 Test Loss: 0.5581912
Validation loss decreased (inf --> 0.484655).  Saving model ...
Updating learning rate to 0.01
Epoch: 2 cost time: 11.140905618667603
Epoch: 2, Steps: 377 | Train Loss: 0.3095290 Vali Loss: 0.4106869 Test Loss: 0.4683892
Validation loss decreased (0.484655 --> 0.410687).  Saving model ...
Updating learning rate to 0.008
Epoch: 3 cost time: 11.425449848175049
Epoch: 3, Steps: 377 | Train Loss: 0.2640609 Vali Loss: 0.3960063 Test Loss: 0.4496956
Validation loss decreased (0.410687 --> 0.396006).  Saving model ...
Updating learning rate to 0.006400000000000001
Epoch: 4 cost time: 11.791964769363403
Epoch: 4, Steps: 377 | Train Loss: 0.2528285 Vali Loss: 0.3862946 Test Loss: 0.4432887
Validation loss decreased (0.396006 --> 0.386295).  Saving model ...
Updating learning rate to 0.005120000000000001
Epoch: 5 cost time: 11.404092073440552
Epoch: 5, Steps: 377 | Train Loss: 0.2463189 Vali Loss: 0.3805491 Test Loss: 0.4386524
Validation loss decreased (0.386295 --> 0.380549).  Saving model ...
Updating learning rate to 0.004096000000000001
Epoch: 6 cost time: 11.072068929672241
Epoch: 6, Steps: 377 | Train Loss: 0.2413970 Vali Loss: 0.3779298 Test Loss: 0.4338425
Validation loss decreased (0.380549 --> 0.377930).  Saving model ...
Updating learning rate to 0.0032768000000000007
Epoch: 7 cost time: 11.695747137069702
Epoch: 7, Steps: 377 | Train Loss: 0.2381496 Vali Loss: 0.3749342 Test Loss: 0.4332102
Validation loss decreased (0.377930 --> 0.374934).  Saving model ...
Updating learning rate to 0.002621440000000001
Epoch: 8 cost time: 11.684845924377441
Epoch: 8, Steps: 377 | Train Loss: 0.2354721 Vali Loss: 0.3754776 Test Loss: 0.4282179
EarlyStopping counter: 1 out of 3
Updating learning rate to 0.002097152000000001
Epoch: 9 cost time: 12.049827575683594
Epoch: 9, Steps: 377 | Train Loss: 0.2335732 Vali Loss: 0.3702972 Test Loss: 0.4293148
Validation loss decreased (0.374934 --> 0.370297).  Saving model ...
Updating learning rate to 0.001677721600000001
Epoch: 10 cost time: 11.670654535293579
Epoch: 10, Steps: 377 | Train Loss: 0.2313657 Vali Loss: 0.3719064 Test Loss: 0.4281425
EarlyStopping counter: 1 out of 3
Updating learning rate to 0.0013421772800000006
Epoch: 11 cost time: 11.42928671836853
Epoch: 11, Steps: 377 | Train Loss: 0.2300608 Vali Loss: 0.3688079 Test Loss: 0.4273762
Validation loss decreased (0.370297 --> 0.368808).  Saving model ...
Updating learning rate to 0.0010737418240000006
Epoch: 12 cost time: 11.484266519546509
Epoch: 12, Steps: 377 | Train Loss: 0.2286550 Vali Loss: 0.3688180 Test Loss: 0.4261689
EarlyStopping counter: 1 out of 3
Updating learning rate to 0.0008589934592000006
Epoch: 13 cost time: 11.476625204086304
Epoch: 13, Steps: 377 | Train Loss: 0.2277311 Vali Loss: 0.3682223 Test Loss: 0.4285175
Validation loss decreased (0.368808 --> 0.368222).  Saving model ...
Updating learning rate to 0.0006871947673600004
Epoch: 14 cost time: 11.48169207572937
Epoch: 14, Steps: 377 | Train Loss: 0.2267320 Vali Loss: 0.3676121 Test Loss: 0.4265556
Validation loss decreased (0.368222 --> 0.367612).  Saving model ...
Updating learning rate to 0.0005497558138880004
Epoch: 15 cost time: 11.896483182907104
Epoch: 15, Steps: 377 | Train Loss: 0.2260588 Vali Loss: 0.3675081 Test Loss: 0.4257661
Validation loss decreased (0.367612 --> 0.367508).  Saving model ...
Updating learning rate to 0.00043980465111040037
Epoch: 16 cost time: 11.149676084518433
Epoch: 16, Steps: 377 | Train Loss: 0.2254177 Vali Loss: 0.3665684 Test Loss: 0.4255562
Validation loss decreased (0.367508 --> 0.366568).  Saving model ...
Updating learning rate to 0.0003518437208883203
Epoch: 17 cost time: 11.484878063201904
Epoch: 17, Steps: 377 | Train Loss: 0.2248457 Vali Loss: 0.3665847 Test Loss: 0.4254250
EarlyStopping counter: 1 out of 3
Updating learning rate to 0.00028147497671065624
Epoch: 18 cost time: 11.882126331329346
Epoch: 18, Steps: 377 | Train Loss: 0.2244862 Vali Loss: 0.3666884 Test Loss: 0.4248944
EarlyStopping counter: 2 out of 3
Updating learning rate to 0.00022517998136852504
Epoch: 19 cost time: 11.38708209991455
Epoch: 19, Steps: 377 | Train Loss: 0.2240986 Vali Loss: 0.3656681 Test Loss: 0.4256134
Validation loss decreased (0.366568 --> 0.365668).  Saving model ...
Updating learning rate to 0.00018014398509482002
Epoch: 20 cost time: 11.562257051467896
Epoch: 20, Steps: 377 | Train Loss: 0.2237726 Vali Loss: 0.3660452 Test Loss: 0.4241221
EarlyStopping counter: 1 out of 3
Updating learning rate to 0.00014411518807585602
Epoch: 21 cost time: 11.401484966278076
Epoch: 21, Steps: 377 | Train Loss: 0.2234928 Vali Loss: 0.3665648 Test Loss: 0.4249915
EarlyStopping counter: 2 out of 3
Updating learning rate to 0.00011529215046068484
Epoch: 22 cost time: 11.145768642425537
Epoch: 22, Steps: 377 | Train Loss: 0.2234039 Vali Loss: 0.3652021 Test Loss: 0.4245871
Validation loss decreased (0.365668 --> 0.365202).  Saving model ...
Updating learning rate to 9.223372036854788e-05
Epoch: 23 cost time: 11.561580657958984
Epoch: 23, Steps: 377 | Train Loss: 0.2231842 Vali Loss: 0.3658225 Test Loss: 0.4243565
EarlyStopping counter: 1 out of 3
Updating learning rate to 7.37869762948383e-05
Epoch: 24 cost time: 11.177904605865479
Epoch: 24, Steps: 377 | Train Loss: 0.2231361 Vali Loss: 0.3658079 Test Loss: 0.4246618
EarlyStopping counter: 2 out of 3
Updating learning rate to 5.902958103587064e-05
Epoch: 25 cost time: 11.632286787033081
Epoch: 25, Steps: 377 | Train Loss: 0.2229917 Vali Loss: 0.3654682 Test Loss: 0.4242065
EarlyStopping counter: 3 out of 3
Early stopping
>>>>>>>testing : DACNet_In_Traffic_mlp_mse_d=1024_lr=0.01_lradj=type4_sl=96_pl=96_norm=2_mix=1_Dcp=16_Dde=16_Dmix=8_sim=l1_cycle=168_seed=2024_drift=0<<<<<<<<<<<<<<<<<<<<<<<<<<<<<<<<<
test 3413
mse:0.4252519905567169, mae:0.2684920132160187
=> Running: python -u run.py --is_training 1 --loss mae --random_seed 2024 --pred_len 96 --gpu 0 --use_gpu True --root_path /home/yl/datasets/ --data_path Traffic.csv --model DACNet_In --model_id Traffic --data custom --enc_in 862 --cycle 168 --learning_rate 0.01 --lradj type4 --sim_mode l1 --mix 1 --seq_len 96 --backbone mlp --use_norm 2 --D_cp 16 --D_de 16 --D_mix 8 --d_model 1024 --run_type single
=> Running: python -u run.py --is_training 1 --loss mse --random_seed 2024 --pred_len 96 --gpu 0 --use_gpu True --root_path /home/yl/datasets/ --data_path Traffic.csv --model DACNet_In --model_id Traffic --data custom --enc_in 862 --cycle 168 --learning_rate 0.01 --lradj type4 --sim_mode l1 --mix 1 --seq_len 96 --backbone mlp --use_norm 2 --D_cp 16 --D_de 16 --D_mix 8 --d_model 1024 --run_type single
Single experiments completed.
