Args in experiment:
Namespace(random_seed=2024, is_training=1, model_id='ETTm1', model='DACNet_In', run_type='single', data='ETTm1', root_path='/home/yl/datasets/', data_path='ETTm1.csv', features='M', target='OT', freq='h', checkpoints='./checkpoints/', seq_len=96, label_len=48, pred_len=96, use_norm=2, D_cp=16, D_de=16, D_mix=8, beta=0.1, sim_mode='l1', mix=0, backbone='mlp', cycle=96, use_drift=1, use_svd=0, embed_type=0, enc_in=7, dec_in=7, c_out=7, d_model=256, n_heads=8, e_layers=2, d_layers=1, d_ff=2048, moving_avg=25, factor=0, distil=True, dropout=0.05, embed='timeF', activation='gelu', output_attention=True, do_predict=False, num_workers=10, itr=1, train_epochs=1, batch_size=32, patience=3, learning_rate=0.005, des='test', loss='mae', lradj='type1', pct_start=0.3, use_amp=False, use_gpu=True, gpu=0, use_multi_gpu=False, devices='0,1,2,3', test_flop=False)
Use GPU: cuda:0
train 34369
4.784851789474487
map_raw GPU: 9.382083892822266 MB
torch.Size([7, 1001, 351])
number of model params 68007
>>>>>>>start training : DACNet_In_ETTm1_mlp_mae_d=256_lr=0.005_lradj=type1_sl=96_pl=96_norm=2_mix=0_Dcp=16_Dde=16_Dmix=8_sim=l1_cycle=96_seed=2024_drift=1>>>>>>>>>>>>>>>>>>>>>>>>>>
train 34369
val 11425
test 11425
Epoch: 1 cost time: 16.027801275253296
Epoch: 1, Steps: 1074 | Train Loss: 0.3770547 Vali Loss: 0.3984170 Test Loss: 0.3559683
Validation loss decreased (inf --> 0.398417).  Saving model ...
Updating learning rate to 0.005
>>>>>>>testing : DACNet_In_ETTm1_mlp_mae_d=256_lr=0.005_lradj=type1_sl=96_pl=96_norm=2_mix=0_Dcp=16_Dde=16_Dmix=8_sim=l1_cycle=96_seed=2024_drift=1<<<<<<<<<<<<<<<<<<<<<<<<<<<<<<<<<
test 11425
mse:0.3308280110359192, mae:0.35621801018714905
=> Running: python -u run.py --is_training 1 --loss mae --random_seed 2024 --pred_len 96 --gpu 0 --use_gpu True --root_path /home/yl/datasets/ --data_path ETTm1.csv --model DACNet_In --model_id ETTm1 --data ETTm1 --enc_in 7 --cycle 96 --learning_rate 0.005 --lradj type1 --sim_mode l1 --mix 0 --seq_len 96 --backbone mlp --use_norm 2 --D_cp 16 --D_de 16 --D_mix 8 --d_model 256 --run_type single
Single experiments completed.
